26-Oct-2025 12:36:58.288 INFO [main] org.apache.catalina.startup.VersionLoggerListener.log Server version name:   Apache Tomcat/9.0.111
26-Oct-2025 12:37:47.126 INFO [main] org.apache.catalina.startup.VersionLoggerListener.log Server built:          Oct 10 2025 14:13:20 UTC
26-Oct-2025 12:37:47.128 INFO [main] org.apache.catalina.startup.VersionLoggerListener.log Server version number: 9.0.111.0
26-Oct-2025 12:37:47.128 INFO [main] org.apache.catalina.startup.VersionLoggerListener.log OS Name:               Windows 10
26-Oct-2025 12:37:47.129 INFO [main] org.apache.catalina.startup.VersionLoggerListener.log OS Version:            10.0
26-Oct-2025 12:37:47.129 INFO [main] org.apache.catalina.startup.VersionLoggerListener.log Architecture:          amd64
26-Oct-2025 12:37:47.129 INFO [main] org.apache.catalina.startup.VersionLoggerListener.log Java Home:             C:\Program Files\Java\jdk-23
26-Oct-2025 12:37:47.130 INFO [main] org.apache.catalina.startup.VersionLoggerListener.log JVM Version:           23.0.2+7-58
26-Oct-2025 12:37:47.130 INFO [main] org.apache.catalina.startup.VersionLoggerListener.log JVM Vendor:            Oracle Corporation
26-Oct-2025 12:37:47.130 INFO [main] org.apache.catalina.startup.VersionLoggerListener.log CATALINA_BASE:         C:\tp dev web\tomcat\apache-tomcat-9.0.111
26-Oct-2025 12:37:47.131 INFO [main] org.apache.catalina.startup.VersionLoggerListener.log CATALINA_HOME:         C:\tp dev web\tomcat\apache-tomcat-9.0.111
26-Oct-2025 12:37:47.133 INFO [main] org.apache.catalina.startup.VersionLoggerListener.log Command line argument: --add-opens=java.base/java.lang=ALL-UNNAMED
26-Oct-2025 12:37:47.134 INFO [main] org.apache.catalina.startup.VersionLoggerListener.log Command line argument: --add-opens=java.base/java.lang.invoke=ALL-UNNAMED
26-Oct-2025 12:37:47.134 INFO [main] org.apache.catalina.startup.VersionLoggerListener.log Command line argument: --add-opens=java.base/java.lang.reflect=ALL-UNNAMED
26-Oct-2025 12:37:47.134 INFO [main] org.apache.catalina.startup.VersionLoggerListener.log Command line argument: --add-opens=java.base/java.io=ALL-UNNAMED
26-Oct-2025 12:37:47.137 INFO [main] org.apache.catalina.startup.VersionLoggerListener.log Command line argument: --add-opens=java.base/java.util=ALL-UNNAMED
26-Oct-2025 12:37:47.140 INFO [main] org.apache.catalina.startup.VersionLoggerListener.log Command line argument: --add-opens=java.base/java.util.concurrent=ALL-UNNAMED
26-Oct-2025 12:37:47.142 INFO [main] org.apache.catalina.startup.VersionLoggerListener.log Command line argument: --add-opens=java.rmi/sun.rmi.transport=ALL-UNNAMED
26-Oct-2025 12:37:47.143 INFO [main] org.apache.catalina.startup.VersionLoggerListener.log Command line argument: -Djava.util.logging.config.file=C:\tp dev web\tomcat\apache-tomcat-9.0.111\conf\logging.properties
26-Oct-2025 12:37:47.144 INFO [main] org.apache.catalina.startup.VersionLoggerListener.log Command line argument: -Djava.util.logging.manager=org.apache.juli.ClassLoaderLogManager
26-Oct-2025 12:37:47.147 INFO [main] org.apache.catalina.startup.VersionLoggerListener.log Command line argument: -Djdk.tls.ephemeralDHKeySize=2048
26-Oct-2025 12:37:47.155 INFO [main] org.apache.catalina.startup.VersionLoggerListener.log Command line argument: -Djava.protocol.handler.pkgs=org.apache.catalina.webresources
26-Oct-2025 12:37:47.156 INFO [main] org.apache.catalina.startup.VersionLoggerListener.log Command line argument: -Dsun.io.useCanonCaches=false
26-Oct-2025 12:37:47.158 INFO [main] org.apache.catalina.startup.VersionLoggerListener.log Command line argument: -Dignore.endorsed.dirs=
26-Oct-2025 12:37:47.159 INFO [main] org.apache.catalina.startup.VersionLoggerListener.log Command line argument: -Dcatalina.base=C:\tp dev web\tomcat\apache-tomcat-9.0.111
26-Oct-2025 12:37:47.161 INFO [main] org.apache.catalina.startup.VersionLoggerListener.log Command line argument: -Dcatalina.home=C:\tp dev web\tomcat\apache-tomcat-9.0.111
26-Oct-2025 12:37:47.164 INFO [main] org.apache.catalina.startup.VersionLoggerListener.log Command line argument: -Djava.io.tmpdir=C:\tp dev web\tomcat\apache-tomcat-9.0.111\temp
26-Oct-2025 12:37:47.408 INFO [main] org.apache.catalina.core.AprLifecycleListener.lifecycleEvent Loaded Apache Tomcat Native library [1.3.1] using APR version [1.7.4].
26-Oct-2025 12:37:47.409 INFO [main] org.apache.catalina.core.AprLifecycleListener.lifecycleEvent APR capabilities: IPv6 [true], sendfile [true], accept filters [false], random [true], UDS [true].
26-Oct-2025 12:37:47.412 INFO [main] org.apache.catalina.core.AprLifecycleListener.lifecycleEvent APR/OpenSSL configuration: useAprConnector [false], useOpenSSL [true]
26-Oct-2025 12:37:47.457 INFO [main] org.apache.catalina.core.AprLifecycleListener.initializeSSL OpenSSL successfully initialized [OpenSSL 3.0.14 4 Jun 2024]
26-Oct-2025 12:37:48.346 INFO [main] org.apache.coyote.AbstractProtocol.init Initializing ProtocolHandler ["http-nio-8080"]
26-Oct-2025 12:37:48.429 INFO [main] org.apache.catalina.startup.Catalina.load Server initialization in [50678] milliseconds
26-Oct-2025 12:37:48.586 INFO [main] org.apache.catalina.core.StandardService.startInternal Starting service [Catalina]
26-Oct-2025 12:37:48.586 INFO [main] org.apache.catalina.core.StandardEngine.startInternal Starting Servlet engine: [Apache Tomcat/9.0.111]
26-Oct-2025 12:37:48.633 INFO [main] org.apache.catalina.startup.HostConfig.deployDirectory Deploying web application directory [C:\tp dev web\tomcat\apache-tomcat-9.0.111\webapps\docs]
26-Oct-2025 12:37:49.508 INFO [main] org.apache.catalina.startup.HostConfig.deployDirectory Deployment of web application directory [C:\tp dev web\tomcat\apache-tomcat-9.0.111\webapps\docs] has finished in [875] ms
26-Oct-2025 12:37:49.508 INFO [main] org.apache.catalina.startup.HostConfig.deployDirectory Deploying web application directory [C:\tp dev web\tomcat\apache-tomcat-9.0.111\webapps\examples]
26-Oct-2025 12:37:51.890 INFO [main] org.apache.catalina.startup.HostConfig.deployDirectory Deployment of web application directory [C:\tp dev web\tomcat\apache-tomcat-9.0.111\webapps\examples] has finished in [2,381] ms
26-Oct-2025 12:37:51.891 INFO [main] org.apache.catalina.startup.HostConfig.deployDirectory Deploying web application directory [C:\tp dev web\tomcat\apache-tomcat-9.0.111\webapps\host-manager]
26-Oct-2025 12:37:52.005 INFO [main] org.apache.catalina.startup.HostConfig.deployDirectory Deployment of web application directory [C:\tp dev web\tomcat\apache-tomcat-9.0.111\webapps\host-manager] has finished in [114] ms
26-Oct-2025 12:37:52.006 INFO [main] org.apache.catalina.startup.HostConfig.deployDirectory Deploying web application directory [C:\tp dev web\tomcat\apache-tomcat-9.0.111\webapps\manager]
26-Oct-2025 12:37:52.118 INFO [main] org.apache.catalina.startup.HostConfig.deployDirectory Deployment of web application directory [C:\tp dev web\tomcat\apache-tomcat-9.0.111\webapps\manager] has finished in [111] ms
26-Oct-2025 12:37:52.120 INFO [main] org.apache.catalina.startup.HostConfig.deployDirectory Deploying web application directory [C:\tp dev web\tomcat\apache-tomcat-9.0.111\webapps\ROOT]
26-Oct-2025 12:37:52.211 INFO [main] org.apache.catalina.startup.HostConfig.deployDirectory Deployment of web application directory [C:\tp dev web\tomcat\apache-tomcat-9.0.111\webapps\ROOT] has finished in [92] ms
26-Oct-2025 12:37:52.222 INFO [main] org.apache.coyote.AbstractProtocol.start Starting ProtocolHandler ["http-nio-8080"]
26-Oct-2025 12:37:52.291 INFO [main] org.apache.catalina.startup.Catalina.start Server startup in [3854] milliseconds
26-Oct-2025 12:38:10.181 INFO [main] org.apache.catalina.startup.VersionLoggerListener.log Server version name:   Apache Tomcat/9.0.111
26-Oct-2025 12:38:10.192 INFO [main] org.apache.catalina.startup.VersionLoggerListener.log Server built:          Oct 10 2025 14:13:20 UTC
26-Oct-2025 12:38:10.193 INFO [main] org.apache.catalina.startup.VersionLoggerListener.log Server version number: 9.0.111.0
26-Oct-2025 12:38:10.194 INFO [main] org.apache.catalina.startup.VersionLoggerListener.log OS Name:               Windows 10
26-Oct-2025 12:38:10.194 INFO [main] org.apache.catalina.startup.VersionLoggerListener.log OS Version:            10.0
26-Oct-2025 12:38:10.194 INFO [main] org.apache.catalina.startup.VersionLoggerListener.log Architecture:          amd64
26-Oct-2025 12:38:10.195 INFO [main] org.apache.catalina.startup.VersionLoggerListener.log Java Home:             C:\Program Files\Java\jdk-23
26-Oct-2025 12:38:10.195 INFO [main] org.apache.catalina.startup.VersionLoggerListener.log JVM Version:           23.0.2+7-58
26-Oct-2025 12:38:10.195 INFO [main] org.apache.catalina.startup.VersionLoggerListener.log JVM Vendor:            Oracle Corporation
26-Oct-2025 12:38:10.196 INFO [main] org.apache.catalina.startup.VersionLoggerListener.log CATALINA_BASE:         C:\tp dev web\tomcat\apache-tomcat-9.0.111
26-Oct-2025 12:38:10.197 INFO [main] org.apache.catalina.startup.VersionLoggerListener.log CATALINA_HOME:         C:\tp dev web\tomcat\apache-tomcat-9.0.111
26-Oct-2025 12:38:10.218 INFO [main] org.apache.catalina.startup.VersionLoggerListener.log Command line argument: --add-opens=java.base/java.lang=ALL-UNNAMED
26-Oct-2025 12:38:10.219 INFO [main] org.apache.catalina.startup.VersionLoggerListener.log Command line argument: --add-opens=java.base/java.lang.invoke=ALL-UNNAMED
26-Oct-2025 12:38:10.219 INFO [main] org.apache.catalina.startup.VersionLoggerListener.log Command line argument: --add-opens=java.base/java.lang.reflect=ALL-UNNAMED
26-Oct-2025 12:38:10.220 INFO [main] org.apache.catalina.startup.VersionLoggerListener.log Command line argument: --add-opens=java.base/java.io=ALL-UNNAMED
26-Oct-2025 12:38:10.221 INFO [main] org.apache.catalina.startup.VersionLoggerListener.log Command line argument: --add-opens=java.base/java.util=ALL-UNNAMED
26-Oct-2025 12:38:10.223 INFO [main] org.apache.catalina.startup.VersionLoggerListener.log Command line argument: --add-opens=java.base/java.util.concurrent=ALL-UNNAMED
26-Oct-2025 12:38:10.229 INFO [main] org.apache.catalina.startup.VersionLoggerListener.log Command line argument: --add-opens=java.rmi/sun.rmi.transport=ALL-UNNAMED
26-Oct-2025 12:38:10.231 INFO [main] org.apache.catalina.startup.VersionLoggerListener.log Command line argument: -Djava.util.logging.config.file=C:\tp dev web\tomcat\apache-tomcat-9.0.111\conf\logging.properties
26-Oct-2025 12:38:10.233 INFO [main] org.apache.catalina.startup.VersionLoggerListener.log Command line argument: -Djava.util.logging.manager=org.apache.juli.ClassLoaderLogManager
26-Oct-2025 12:38:10.234 INFO [main] org.apache.catalina.startup.VersionLoggerListener.log Command line argument: -Djdk.tls.ephemeralDHKeySize=2048
26-Oct-2025 12:38:10.235 INFO [main] org.apache.catalina.startup.VersionLoggerListener.log Command line argument: -Djava.protocol.handler.pkgs=org.apache.catalina.webresources
26-Oct-2025 12:38:10.236 INFO [main] org.apache.catalina.startup.VersionLoggerListener.log Command line argument: -Dsun.io.useCanonCaches=false
26-Oct-2025 12:38:10.237 INFO [main] org.apache.catalina.startup.VersionLoggerListener.log Command line argument: -Dignore.endorsed.dirs=
26-Oct-2025 12:38:10.238 INFO [main] org.apache.catalina.startup.VersionLoggerListener.log Command line argument: -Dcatalina.base=C:\tp dev web\tomcat\apache-tomcat-9.0.111
26-Oct-2025 12:38:10.239 INFO [main] org.apache.catalina.startup.VersionLoggerListener.log Command line argument: -Dcatalina.home=C:\tp dev web\tomcat\apache-tomcat-9.0.111
26-Oct-2025 12:38:10.245 INFO [main] org.apache.catalina.startup.VersionLoggerListener.log Command line argument: -Djava.io.tmpdir=C:\tp dev web\tomcat\apache-tomcat-9.0.111\temp
26-Oct-2025 12:38:10.254 INFO [main] org.apache.catalina.core.AprLifecycleListener.lifecycleEvent Loaded Apache Tomcat Native library [1.3.1] using APR version [1.7.4].
26-Oct-2025 12:38:10.257 INFO [main] org.apache.catalina.core.AprLifecycleListener.lifecycleEvent APR capabilities: IPv6 [true], sendfile [true], accept filters [false], random [true], UDS [true].
26-Oct-2025 12:38:10.260 INFO [main] org.apache.catalina.core.AprLifecycleListener.lifecycleEvent APR/OpenSSL configuration: useAprConnector [false], useOpenSSL [true]
26-Oct-2025 12:38:10.275 INFO [main] org.apache.catalina.core.AprLifecycleListener.initializeSSL OpenSSL successfully initialized [OpenSSL 3.0.14 4 Jun 2024]
26-Oct-2025 12:38:11.070 INFO [main] org.apache.coyote.AbstractProtocol.init Initializing ProtocolHandler ["http-nio-8080"]
26-Oct-2025 12:38:11.133 INFO [main] org.apache.catalina.startup.Catalina.load Server initialization in [1400] milliseconds
26-Oct-2025 12:38:11.273 INFO [main] org.apache.catalina.core.StandardService.startInternal Starting service [Catalina]
26-Oct-2025 12:38:11.273 INFO [main] org.apache.catalina.core.StandardEngine.startInternal Starting Servlet engine: [Apache Tomcat/9.0.111]
26-Oct-2025 12:38:11.305 INFO [main] org.apache.catalina.startup.HostConfig.deployDirectory Deploying web application directory [C:\tp dev web\tomcat\apache-tomcat-9.0.111\webapps\docs]
26-Oct-2025 12:38:12.037 INFO [main] org.apache.catalina.startup.HostConfig.deployDirectory Deployment of web application directory [C:\tp dev web\tomcat\apache-tomcat-9.0.111\webapps\docs] has finished in [732] ms
26-Oct-2025 12:38:12.037 INFO [main] org.apache.catalina.startup.HostConfig.deployDirectory Deploying web application directory [C:\tp dev web\tomcat\apache-tomcat-9.0.111\webapps\examples]
26-Oct-2025 12:38:13.358 INFO [main] org.apache.catalina.startup.HostConfig.deployDirectory Deployment of web application directory [C:\tp dev web\tomcat\apache-tomcat-9.0.111\webapps\examples] has finished in [1,321] ms
26-Oct-2025 12:38:13.360 INFO [main] org.apache.catalina.startup.HostConfig.deployDirectory Deploying web application directory [C:\tp dev web\tomcat\apache-tomcat-9.0.111\webapps\host-manager]
26-Oct-2025 12:38:13.478 INFO [main] org.apache.catalina.startup.HostConfig.deployDirectory Deployment of web application directory [C:\tp dev web\tomcat\apache-tomcat-9.0.111\webapps\host-manager] has finished in [118] ms
26-Oct-2025 12:38:13.479 INFO [main] org.apache.catalina.startup.HostConfig.deployDirectory Deploying web application directory [C:\tp dev web\tomcat\apache-tomcat-9.0.111\webapps\manager]
26-Oct-2025 12:38:13.583 INFO [main] org.apache.catalina.startup.HostConfig.deployDirectory Deployment of web application directory [C:\tp dev web\tomcat\apache-tomcat-9.0.111\webapps\manager] has finished in [104] ms
26-Oct-2025 12:38:13.585 INFO [main] org.apache.catalina.startup.HostConfig.deployDirectory Deploying web application directory [C:\tp dev web\tomcat\apache-tomcat-9.0.111\webapps\ROOT]
26-Oct-2025 12:38:13.677 INFO [main] org.apache.catalina.startup.HostConfig.deployDirectory Deployment of web application directory [C:\tp dev web\tomcat\apache-tomcat-9.0.111\webapps\ROOT] has finished in [91] ms
26-Oct-2025 12:38:13.687 INFO [main] org.apache.coyote.AbstractProtocol.start Starting ProtocolHandler ["http-nio-8080"]
26-Oct-2025 12:38:13.749 INFO [main] org.apache.catalina.startup.Catalina.start Server startup in [2603] milliseconds
