16-Nov-2025 11:39:54.693 INFO [main] org.apache.catalina.startup.VersionLoggerListener.log Server version name:   Apache Tomcat/9.0.111
16-Nov-2025 11:39:54.705 INFO [main] org.apache.catalina.startup.VersionLoggerListener.log Server built:          Oct 10 2025 14:13:20 UTC
16-Nov-2025 11:39:54.706 INFO [main] org.apache.catalina.startup.VersionLoggerListener.log Server version number: 9.0.111.0
16-Nov-2025 11:39:54.706 INFO [main] org.apache.catalina.startup.VersionLoggerListener.log OS Name:               Windows 10
16-Nov-2025 11:39:54.707 INFO [main] org.apache.catalina.startup.VersionLoggerListener.log OS Version:            10.0
16-Nov-2025 11:39:54.707 INFO [main] org.apache.catalina.startup.VersionLoggerListener.log Architecture:          amd64
16-Nov-2025 11:39:54.707 INFO [main] org.apache.catalina.startup.VersionLoggerListener.log Java Home:             C:\Program Files\Java\jdk-23
16-Nov-2025 11:39:54.707 INFO [main] org.apache.catalina.startup.VersionLoggerListener.log JVM Version:           23.0.2+7-58
16-Nov-2025 11:39:54.708 INFO [main] org.apache.catalina.startup.VersionLoggerListener.log JVM Vendor:            Oracle Corporation
16-Nov-2025 11:39:54.708 INFO [main] org.apache.catalina.startup.VersionLoggerListener.log CATALINA_BASE:         C:\tp dev web\tomcat\apache-tomcat-9.0.111
16-Nov-2025 11:39:54.708 INFO [main] org.apache.catalina.startup.VersionLoggerListener.log CATALINA_HOME:         C:\tp dev web\tomcat\apache-tomcat-9.0.111
16-Nov-2025 11:39:54.741 INFO [main] org.apache.catalina.startup.VersionLoggerListener.log Command line argument: --add-opens=java.base/java.lang=ALL-UNNAMED
16-Nov-2025 11:39:54.741 INFO [main] org.apache.catalina.startup.VersionLoggerListener.log Command line argument: --add-opens=java.base/java.lang.invoke=ALL-UNNAMED
16-Nov-2025 11:39:54.742 INFO [main] org.apache.catalina.startup.VersionLoggerListener.log Command line argument: --add-opens=java.base/java.lang.reflect=ALL-UNNAMED
16-Nov-2025 11:39:54.743 INFO [main] org.apache.catalina.startup.VersionLoggerListener.log Command line argument: --add-opens=java.base/java.io=ALL-UNNAMED
16-Nov-2025 11:39:54.744 INFO [main] org.apache.catalina.startup.VersionLoggerListener.log Command line argument: --add-opens=java.base/java.util=ALL-UNNAMED
16-Nov-2025 11:39:54.745 INFO [main] org.apache.catalina.startup.VersionLoggerListener.log Command line argument: --add-opens=java.base/java.util.concurrent=ALL-UNNAMED
16-Nov-2025 11:39:54.746 INFO [main] org.apache.catalina.startup.VersionLoggerListener.log Command line argument: --add-opens=java.rmi/sun.rmi.transport=ALL-UNNAMED
16-Nov-2025 11:39:54.747 INFO [main] org.apache.catalina.startup.VersionLoggerListener.log Command line argument: -Djava.util.logging.config.file=C:\tp dev web\tomcat\apache-tomcat-9.0.111\conf\logging.properties
16-Nov-2025 11:39:54.748 INFO [main] org.apache.catalina.startup.VersionLoggerListener.log Command line argument: -Djava.util.logging.manager=org.apache.juli.ClassLoaderLogManager
16-Nov-2025 11:39:54.749 INFO [main] org.apache.catalina.startup.VersionLoggerListener.log Command line argument: -Djdk.tls.ephemeralDHKeySize=2048
16-Nov-2025 11:39:54.751 INFO [main] org.apache.catalina.startup.VersionLoggerListener.log Command line argument: -Djava.protocol.handler.pkgs=org.apache.catalina.webresources
16-Nov-2025 11:39:54.752 INFO [main] org.apache.catalina.startup.VersionLoggerListener.log Command line argument: -Dsun.io.useCanonCaches=false
16-Nov-2025 11:39:54.753 INFO [main] org.apache.catalina.startup.VersionLoggerListener.log Command line argument: -Dignore.endorsed.dirs=
16-Nov-2025 11:39:54.754 INFO [main] org.apache.catalina.startup.VersionLoggerListener.log Command line argument: -Dcatalina.base=C:\tp dev web\tomcat\apache-tomcat-9.0.111
16-Nov-2025 11:39:54.755 INFO [main] org.apache.catalina.startup.VersionLoggerListener.log Command line argument: -Dcatalina.home=C:\tp dev web\tomcat\apache-tomcat-9.0.111
16-Nov-2025 11:39:54.755 INFO [main] org.apache.catalina.startup.VersionLoggerListener.log Command line argument: -Djava.io.tmpdir=C:\tp dev web\tomcat\apache-tomcat-9.0.111\temp
16-Nov-2025 11:39:54.949 INFO [main] org.apache.catalina.core.AprLifecycleListener.lifecycleEvent Loaded Apache Tomcat Native library [1.3.1] using APR version [1.7.4].
16-Nov-2025 11:39:54.950 INFO [main] org.apache.catalina.core.AprLifecycleListener.lifecycleEvent APR capabilities: IPv6 [true], sendfile [true], accept filters [false], random [true], UDS [true].
16-Nov-2025 11:39:54.959 INFO [main] org.apache.catalina.core.AprLifecycleListener.lifecycleEvent APR/OpenSSL configuration: useAprConnector [false], useOpenSSL [true]
16-Nov-2025 11:39:55.006 INFO [main] org.apache.catalina.core.AprLifecycleListener.initializeSSL OpenSSL successfully initialized [OpenSSL 3.0.14 4 Jun 2024]
16-Nov-2025 11:39:55.832 INFO [main] org.apache.coyote.AbstractProtocol.init Initializing ProtocolHandler ["http-nio-8080"]
16-Nov-2025 11:39:55.902 INFO [main] org.apache.catalina.startup.Catalina.load Server initialization in [1741] milliseconds
16-Nov-2025 11:39:56.026 INFO [main] org.apache.catalina.core.StandardService.startInternal Starting service [Catalina]
16-Nov-2025 11:39:56.028 INFO [main] org.apache.catalina.core.StandardEngine.startInternal Starting Servlet engine: [Apache Tomcat/9.0.111]
16-Nov-2025 11:39:56.057 INFO [main] org.apache.catalina.startup.HostConfig.deployDirectory Deploying web application directory [C:\tp dev web\tomcat\apache-tomcat-9.0.111\webapps\docs]
16-Nov-2025 11:39:56.831 INFO [main] org.apache.catalina.startup.HostConfig.deployDirectory Deployment of web application directory [C:\tp dev web\tomcat\apache-tomcat-9.0.111\webapps\docs] has finished in [772] ms
16-Nov-2025 11:39:56.832 INFO [main] org.apache.catalina.startup.HostConfig.deployDirectory Deploying web application directory [C:\tp dev web\tomcat\apache-tomcat-9.0.111\webapps\examples]
16-Nov-2025 11:39:58.979 INFO [main] org.apache.catalina.startup.HostConfig.deployDirectory Deployment of web application directory [C:\tp dev web\tomcat\apache-tomcat-9.0.111\webapps\examples] has finished in [2,147] ms
16-Nov-2025 11:39:58.979 INFO [main] org.apache.catalina.startup.HostConfig.deployDirectory Deploying web application directory [C:\tp dev web\tomcat\apache-tomcat-9.0.111\webapps\host-manager]
16-Nov-2025 11:39:59.080 INFO [main] org.apache.catalina.startup.HostConfig.deployDirectory Deployment of web application directory [C:\tp dev web\tomcat\apache-tomcat-9.0.111\webapps\host-manager] has finished in [101] ms
16-Nov-2025 11:39:59.080 INFO [main] org.apache.catalina.startup.HostConfig.deployDirectory Deploying web application directory [C:\tp dev web\tomcat\apache-tomcat-9.0.111\webapps\manager]
16-Nov-2025 11:39:59.189 INFO [main] org.apache.catalina.startup.HostConfig.deployDirectory Deployment of web application directory [C:\tp dev web\tomcat\apache-tomcat-9.0.111\webapps\manager] has finished in [109] ms
16-Nov-2025 11:39:59.189 INFO [main] org.apache.catalina.startup.HostConfig.deployDirectory Deploying web application directory [C:\tp dev web\tomcat\apache-tomcat-9.0.111\webapps\ROOT]
16-Nov-2025 11:39:59.267 INFO [main] org.apache.catalina.startup.HostConfig.deployDirectory Deployment of web application directory [C:\tp dev web\tomcat\apache-tomcat-9.0.111\webapps\ROOT] has finished in [78] ms
16-Nov-2025 11:39:59.289 INFO [main] org.apache.coyote.AbstractProtocol.start Starting ProtocolHandler ["http-nio-8080"]
16-Nov-2025 11:39:59.352 INFO [main] org.apache.catalina.startup.Catalina.start Server startup in [3453] milliseconds
16-Nov-2025 11:51:21.858 INFO [main] org.apache.catalina.startup.VersionLoggerListener.log Server version name:   Apache Tomcat/9.0.111
16-Nov-2025 11:51:21.870 INFO [main] org.apache.catalina.startup.VersionLoggerListener.log Server built:          Oct 10 2025 14:13:20 UTC
16-Nov-2025 11:51:21.871 INFO [main] org.apache.catalina.startup.VersionLoggerListener.log Server version number: 9.0.111.0
16-Nov-2025 11:51:21.871 INFO [main] org.apache.catalina.startup.VersionLoggerListener.log OS Name:               Windows 10
16-Nov-2025 11:51:21.872 INFO [main] org.apache.catalina.startup.VersionLoggerListener.log OS Version:            10.0
16-Nov-2025 11:51:21.872 INFO [main] org.apache.catalina.startup.VersionLoggerListener.log Architecture:          amd64
16-Nov-2025 11:51:21.873 INFO [main] org.apache.catalina.startup.VersionLoggerListener.log Java Home:             C:\Program Files\Java\jdk-23
16-Nov-2025 11:51:21.873 INFO [main] org.apache.catalina.startup.VersionLoggerListener.log JVM Version:           23.0.2+7-58
16-Nov-2025 11:51:21.874 INFO [main] org.apache.catalina.startup.VersionLoggerListener.log JVM Vendor:            Oracle Corporation
16-Nov-2025 11:51:21.874 INFO [main] org.apache.catalina.startup.VersionLoggerListener.log CATALINA_BASE:         C:\tp dev web\tomcat\apache-tomcat-9.0.111
16-Nov-2025 11:51:21.875 INFO [main] org.apache.catalina.startup.VersionLoggerListener.log CATALINA_HOME:         C:\tp dev web\tomcat\apache-tomcat-9.0.111
16-Nov-2025 11:51:21.908 INFO [main] org.apache.catalina.startup.VersionLoggerListener.log Command line argument: --add-opens=java.base/java.lang=ALL-UNNAMED
16-Nov-2025 11:51:21.909 INFO [main] org.apache.catalina.startup.VersionLoggerListener.log Command line argument: --add-opens=java.base/java.lang.invoke=ALL-UNNAMED
16-Nov-2025 11:51:21.910 INFO [main] org.apache.catalina.startup.VersionLoggerListener.log Command line argument: --add-opens=java.base/java.lang.reflect=ALL-UNNAMED
16-Nov-2025 11:51:21.910 INFO [main] org.apache.catalina.startup.VersionLoggerListener.log Command line argument: --add-opens=java.base/java.io=ALL-UNNAMED
16-Nov-2025 11:51:21.911 INFO [main] org.apache.catalina.startup.VersionLoggerListener.log Command line argument: --add-opens=java.base/java.util=ALL-UNNAMED
16-Nov-2025 11:51:21.912 INFO [main] org.apache.catalina.startup.VersionLoggerListener.log Command line argument: --add-opens=java.base/java.util.concurrent=ALL-UNNAMED
16-Nov-2025 11:51:21.913 INFO [main] org.apache.catalina.startup.VersionLoggerListener.log Command line argument: --add-opens=java.rmi/sun.rmi.transport=ALL-UNNAMED
16-Nov-2025 11:51:21.914 INFO [main] org.apache.catalina.startup.VersionLoggerListener.log Command line argument: -Djava.util.logging.config.file=C:\tp dev web\tomcat\apache-tomcat-9.0.111\conf\logging.properties
16-Nov-2025 11:51:21.915 INFO [main] org.apache.catalina.startup.VersionLoggerListener.log Command line argument: -Djava.util.logging.manager=org.apache.juli.ClassLoaderLogManager
16-Nov-2025 11:51:21.916 INFO [main] org.apache.catalina.startup.VersionLoggerListener.log Command line argument: -Djdk.tls.ephemeralDHKeySize=2048
16-Nov-2025 11:51:21.917 INFO [main] org.apache.catalina.startup.VersionLoggerListener.log Command line argument: -Djava.protocol.handler.pkgs=org.apache.catalina.webresources
16-Nov-2025 11:51:21.918 INFO [main] org.apache.catalina.startup.VersionLoggerListener.log Command line argument: -Dsun.io.useCanonCaches=false
16-Nov-2025 11:51:21.919 INFO [main] org.apache.catalina.startup.VersionLoggerListener.log Command line argument: -Dignore.endorsed.dirs=
16-Nov-2025 11:51:21.920 INFO [main] org.apache.catalina.startup.VersionLoggerListener.log Command line argument: -Dcatalina.base=C:\tp dev web\tomcat\apache-tomcat-9.0.111
16-Nov-2025 11:51:21.921 INFO [main] org.apache.catalina.startup.VersionLoggerListener.log Command line argument: -Dcatalina.home=C:\tp dev web\tomcat\apache-tomcat-9.0.111
16-Nov-2025 11:51:21.922 INFO [main] org.apache.catalina.startup.VersionLoggerListener.log Command line argument: -Djava.io.tmpdir=C:\tp dev web\tomcat\apache-tomcat-9.0.111\temp
16-Nov-2025 11:51:21.939 INFO [main] org.apache.catalina.core.AprLifecycleListener.lifecycleEvent Loaded Apache Tomcat Native library [1.3.1] using APR version [1.7.4].
16-Nov-2025 11:51:21.940 INFO [main] org.apache.catalina.core.AprLifecycleListener.lifecycleEvent APR capabilities: IPv6 [true], sendfile [true], accept filters [false], random [true], UDS [true].
16-Nov-2025 11:51:21.941 INFO [main] org.apache.catalina.core.AprLifecycleListener.lifecycleEvent APR/OpenSSL configuration: useAprConnector [false], useOpenSSL [true]
16-Nov-2025 11:51:21.986 INFO [main] org.apache.catalina.core.AprLifecycleListener.initializeSSL OpenSSL successfully initialized [OpenSSL 3.0.14 4 Jun 2024]
16-Nov-2025 11:51:22.876 INFO [main] org.apache.coyote.AbstractProtocol.init Initializing ProtocolHandler ["http-nio-8080"]
16-Nov-2025 11:51:22.954 INFO [main] org.apache.catalina.startup.Catalina.load Server initialization in [1651] milliseconds
16-Nov-2025 11:51:23.079 INFO [main] org.apache.catalina.core.StandardService.startInternal Starting service [Catalina]
16-Nov-2025 11:51:23.079 INFO [main] org.apache.catalina.core.StandardEngine.startInternal Starting Servlet engine: [Apache Tomcat/9.0.111]
16-Nov-2025 11:51:23.110 INFO [main] org.apache.catalina.startup.HostConfig.deployDirectory Deploying web application directory [C:\tp dev web\tomcat\apache-tomcat-9.0.111\webapps\docs]
16-Nov-2025 11:51:23.892 INFO [main] org.apache.catalina.startup.HostConfig.deployDirectory Deployment of web application directory [C:\tp dev web\tomcat\apache-tomcat-9.0.111\webapps\docs] has finished in [782] ms
16-Nov-2025 11:51:23.892 INFO [main] org.apache.catalina.startup.HostConfig.deployDirectory Deploying web application directory [C:\tp dev web\tomcat\apache-tomcat-9.0.111\webapps\examples]
16-Nov-2025 11:51:25.284 INFO [main] org.apache.catalina.startup.HostConfig.deployDirectory Deployment of web application directory [C:\tp dev web\tomcat\apache-tomcat-9.0.111\webapps\examples] has finished in [1,392] ms
16-Nov-2025 11:51:25.284 INFO [main] org.apache.catalina.startup.HostConfig.deployDirectory Deploying web application directory [C:\tp dev web\tomcat\apache-tomcat-9.0.111\webapps\host-manager]
16-Nov-2025 11:51:25.409 INFO [main] org.apache.catalina.startup.HostConfig.deployDirectory Deployment of web application directory [C:\tp dev web\tomcat\apache-tomcat-9.0.111\webapps\host-manager] has finished in [125] ms
16-Nov-2025 11:51:25.409 INFO [main] org.apache.catalina.startup.HostConfig.deployDirectory Deploying web application directory [C:\tp dev web\tomcat\apache-tomcat-9.0.111\webapps\manager]
16-Nov-2025 11:51:25.534 INFO [main] org.apache.catalina.startup.HostConfig.deployDirectory Deployment of web application directory [C:\tp dev web\tomcat\apache-tomcat-9.0.111\webapps\manager] has finished in [125] ms
16-Nov-2025 11:51:25.534 INFO [main] org.apache.catalina.startup.HostConfig.deployDirectory Deploying web application directory [C:\tp dev web\tomcat\apache-tomcat-9.0.111\webapps\ROOT]
16-Nov-2025 11:51:25.628 INFO [main] org.apache.catalina.startup.HostConfig.deployDirectory Deployment of web application directory [C:\tp dev web\tomcat\apache-tomcat-9.0.111\webapps\ROOT] has finished in [94] ms
16-Nov-2025 11:51:25.628 INFO [main] org.apache.catalina.startup.HostConfig.deployDirectory Deploying web application directory [C:\tp dev web\tomcat\apache-tomcat-9.0.111\webapps\tp-sidi-folder]
16-Nov-2025 11:51:25.737 INFO [main] org.apache.catalina.startup.HostConfig.deployDirectory Deployment of web application directory [C:\tp dev web\tomcat\apache-tomcat-9.0.111\webapps\tp-sidi-folder] has finished in [109] ms
16-Nov-2025 11:51:25.754 INFO [main] org.apache.coyote.AbstractProtocol.start Starting ProtocolHandler ["http-nio-8080"]
16-Nov-2025 11:51:25.817 INFO [main] org.apache.catalina.startup.Catalina.start Server startup in [2857] milliseconds
16-Nov-2025 11:57:51.745 INFO [http-nio-8080-exec-10] org.apache.coyote.http11.Http11Processor.service Error parsing HTTP request header
 Note: further occurrences of HTTP request parsing errors will be logged at DEBUG level.
	java.lang.IllegalArgumentException: Invalid character found in method name [0x160x030x010x070x000x010x000x060xfc0x030x03h0xf9d0x0e0xd40x050x890x9ef0xf10x050x090xde0x92t0xc60x0d0xb80xe63c0x810x0b10xb00xdf0x8f0xe1~0xcf0x820x85 ]. HTTP method names must be tokens
		at org.apache.coyote.http11.Http11InputBuffer.parseRequestLine(Http11InputBuffer.java:402)
		at org.apache.coyote.http11.Http11Processor.service(Http11Processor.java:271)
		at org.apache.coyote.AbstractProcessorLight.process(AbstractProcessorLight.java:63)
		at org.apache.coyote.AbstractProtocol$ConnectionHandler.process(AbstractProtocol.java:935)
		at org.apache.tomcat.util.net.NioEndpoint$SocketProcessor.doRun(NioEndpoint.java:1831)
		at org.apache.tomcat.util.net.SocketProcessorBase.run(SocketProcessorBase.java:52)
		at org.apache.tomcat.util.threads.ThreadPoolExecutor.runWorker(ThreadPoolExecutor.java:973)
		at org.apache.tomcat.util.threads.ThreadPoolExecutor$Worker.run(ThreadPoolExecutor.java:491)
		at org.apache.tomcat.util.threads.TaskThread$WrappingRunnable.run(TaskThread.java:63)
		at java.base/java.lang.Thread.run(Thread.java:1575)
16-Nov-2025 11:57:51.770 INFO [http-nio-8080-exec-2] org.apache.coyote.http11.Http11Processor.service Error parsing HTTP request header
 Note: further occurrences of HTTP request parsing errors will be logged at DEBUG level.
	java.lang.IllegalArgumentException: Invalid character found in method name [0x160x030x010x060xe00x010x000x060xdc0x030x03Wx0xcef0xf70x190xb60xaeJ0xe80x880x960x1c!M0x980xa80xbb`A0xe7 ]. HTTP method names must be tokens
		at org.apache.coyote.http11.Http11InputBuffer.parseRequestLine(Http11InputBuffer.java:402)
		at org.apache.coyote.http11.Http11Processor.service(Http11Processor.java:271)
		at org.apache.coyote.AbstractProcessorLight.process(AbstractProcessorLight.java:63)
		at org.apache.coyote.AbstractProtocol$ConnectionHandler.process(AbstractProtocol.java:935)
		at org.apache.tomcat.util.net.NioEndpoint$SocketProcessor.doRun(NioEndpoint.java:1831)
		at org.apache.tomcat.util.net.SocketProcessorBase.run(SocketProcessorBase.java:52)
		at org.apache.tomcat.util.threads.ThreadPoolExecutor.runWorker(ThreadPoolExecutor.java:973)
		at org.apache.tomcat.util.threads.ThreadPoolExecutor$Worker.run(ThreadPoolExecutor.java:491)
		at org.apache.tomcat.util.threads.TaskThread$WrappingRunnable.run(TaskThread.java:63)
		at java.base/java.lang.Thread.run(Thread.java:1575)
16-Nov-2025 12:01:57.583 INFO [Catalina-utility-1] org.apache.catalina.startup.HostConfig.undeploy Undeploying context [/tp-sidi-folder]
16-Nov-2025 12:01:57.634 INFO [Catalina-utility-1] org.apache.catalina.startup.HostConfig.deployDirectory Deploying web application directory [C:\tp dev web\tomcat\apache-tomcat-9.0.111\webapps\app1]
16-Nov-2025 12:01:57.716 INFO [Catalina-utility-1] org.apache.catalina.startup.HostConfig.deployDirectory Deployment of web application directory [C:\tp dev web\tomcat\apache-tomcat-9.0.111\webapps\app1] has finished in [82] ms
